2023-07-24 05:58:39.246 INFO  ca.bytetube.EurekaApplication                     :55   [32m        [0;39m Starting EurekaApplication using Java 18.0.1.1 on DESKTOP-REITVCN with PID 16788 (C:\Users\shsh5\Desktop\online_course\eureka\target\classes started by shsh5 in C:\Users\shsh5\Desktop\online_course)
2023-07-24 05:58:39.248 INFO  ca.bytetube.EurekaApplication                     :640  [32m        [0;39m No active profile set, falling back to 1 default profile: "default"
2023-07-24 05:58:39.295 INFO  o.s.b.d.env.DevToolsPropertyDefaultsPostProcessor :255  [32m        [0;39m Devtools property defaults active! Set 'spring.devtools.add-properties' to 'false' to disable
2023-07-24 05:58:39.295 INFO  o.s.b.d.env.DevToolsPropertyDefaultsPostProcessor :255  [32m        [0;39m For additional web related logging consider setting the 'logging.level.web' property to 'DEBUG'
2023-07-24 05:58:40.082 INFO  o.springframework.cloud.context.scope.GenericScope:283  [32m        [0;39m BeanFactory id=799bc74a-f863-3d6a-b579-30ca3a702ea8
2023-07-24 05:58:40.464 INFO  o.s.boot.web.embedded.tomcat.TomcatWebServer      :108  [32m        [0;39m Tomcat initialized with port(s): 8761 (http)
2023-07-24 05:58:40.471 INFO  org.apache.coyote.http11.Http11NioProtocol        :173  [32m        [0;39m Initializing ProtocolHandler ["http-nio-8761"]
2023-07-24 05:58:40.472 INFO  org.apache.catalina.core.StandardService          :173  [32m        [0;39m Starting service [Tomcat]
2023-07-24 05:58:40.472 INFO  org.apache.catalina.core.StandardEngine           :173  [32m        [0;39m Starting Servlet engine: [Apache Tomcat/9.0.60]
2023-07-24 05:58:40.560 INFO  o.a.c.core.ContainerBase.[Tomcat].[localhost].[/] :173  [32m        [0;39m Initializing Spring embedded WebApplicationContext
2023-07-24 05:58:40.560 INFO  o.s.b.w.s.c.ServletWebServerApplicationContext    :290  [32m        [0;39m Root WebApplicationContext: initialization completed in 1264 ms
2023-07-24 05:58:40.897 INFO  c.s.j.server.impl.application.WebApplicationImpl  :815  [32m        [0;39m Initiating Jersey application, version 'Jersey: 1.19.4 05/24/2017 03:20 PM'
2023-07-24 05:58:40.939 INFO  c.n.discovery.provider.DiscoveryJerseyProvider    :70   [32m        [0;39m Using JSON encoding codec LegacyJacksonJson
2023-07-24 05:58:40.940 INFO  c.n.discovery.provider.DiscoveryJerseyProvider    :71   [32m        [0;39m Using JSON decoding codec LegacyJacksonJson
2023-07-24 05:58:41.092 INFO  c.n.discovery.provider.DiscoveryJerseyProvider    :80   [32m        [0;39m Using XML encoding codec XStreamXml
2023-07-24 05:58:41.093 INFO  c.n.discovery.provider.DiscoveryJerseyProvider    :81   [32m        [0;39m Using XML decoding codec XStreamXml
2023-07-24 05:58:42.804 INFO  org.springframework.cloud.commons.util.InetUtils  :170  [32m        [0;39m Cannot determine local hostname
2023-07-24 05:58:43.045 INFO  o.s.b.d.autoconfigure.OptionalLiveReloadServer    :58   [32m        [0;39m LiveReload server is running on port 35729
2023-07-24 05:58:44.217 INFO  org.springframework.cloud.commons.util.InetUtils  :170  [32m        [0;39m Cannot determine local hostname
2023-07-24 05:58:44.225 INFO  o.s.c.n.e.c.DiscoveryClientOptionalArgsConfiguration:87   [32m        [0;39m Eureka HTTP Client uses Jersey
2023-07-24 05:58:44.260 WARN  o.s.c.l.c.LoadBalancerCacheAutoConfiguration$LoadBalancerCaffeineWarnLogger:82   [32m        [0;39m Spring Cloud LoadBalancer is currently working with the default cache. You can switch to using Caffeine cache, by adding it and org.springframework.cache.caffeine.CaffeineCacheManager to the classpath.
2023-07-24 05:58:44.271 INFO  o.s.cloud.netflix.eureka.InstanceInfoFactory      :67   [32m        [0;39m Setting initial instance status as: STARTING
2023-07-24 05:58:44.292 INFO  com.netflix.discovery.DiscoveryClient             :372  [32m        [0;39m Initializing Eureka in region us-east-1
2023-07-24 05:58:44.293 INFO  com.netflix.discovery.DiscoveryClient             :375  [32m        [0;39m Client configured to neither register nor query for data.
2023-07-24 05:58:44.298 INFO  com.netflix.discovery.DiscoveryClient             :390  [32m        [0;39m Discovery Client initialized at timestamp 1690149524298 with initial instances count: 0
2023-07-24 05:58:44.323 INFO  com.netflix.eureka.DefaultEurekaServerContext     :66   [32m        [0;39m Initializing ...
2023-07-24 05:58:44.324 WARN  com.netflix.eureka.cluster.PeerEurekaNodes        :155  [32m        [0;39m The replica size seems to be empty. Check the route 53 DNS Registry
2023-07-24 05:58:44.335 INFO  c.netflix.eureka.registry.AbstractInstanceRegistry:153  [32m        [0;39m Finished initializing remote region registries. All known remote regions: []
2023-07-24 05:58:44.336 INFO  com.netflix.eureka.DefaultEurekaServerContext     :73   [32m        [0;39m Initialized
2023-07-24 05:58:44.342 INFO  o.s.b.actuate.endpoint.web.EndpointLinksResolver  :58   [32m        [0;39m Exposing 1 endpoint(s) beneath base path '/actuator'
2023-07-24 05:58:44.381 INFO  o.s.c.n.e.serviceregistry.EurekaServiceRegistry   :41   [32m        [0;39m Registering application EUREKA with eureka with status UP
2023-07-24 05:58:44.383 INFO  o.s.c.netflix.eureka.server.EurekaServerBootstrap :97   [32m        [0;39m Setting the eureka configuration..
2023-07-24 05:58:44.383 INFO  org.apache.coyote.http11.Http11NioProtocol        :173  [32m        [0;39m Starting ProtocolHandler ["http-nio-8761"]
2023-07-24 05:58:44.389 INFO  o.s.c.netflix.eureka.server.EurekaServerBootstrap :148  [32m        [0;39m isAws returned false
2023-07-24 05:58:44.389 INFO  o.s.c.netflix.eureka.server.EurekaServerBootstrap :114  [32m        [0;39m Initialized server context
2023-07-24 05:58:44.389 INFO  c.n.eureka.registry.PeerAwareInstanceRegistryImpl :244  [32m        [0;39m Got 1 instances from neighboring DS node
2023-07-24 05:58:44.389 INFO  c.n.eureka.registry.PeerAwareInstanceRegistryImpl :245  [32m        [0;39m Renew threshold is: 1
2023-07-24 05:58:44.389 INFO  c.n.eureka.registry.PeerAwareInstanceRegistryImpl :256  [32m        [0;39m Changing status to UP
2023-07-24 05:58:44.395 INFO  o.s.c.n.e.s.EurekaServerInitializerConfiguration  :69   [32m        [0;39m Started Eureka Server
2023-07-24 05:58:44.403 INFO  o.s.boot.web.embedded.tomcat.TomcatWebServer      :220  [32m        [0;39m Tomcat started on port(s): 8761 (http) with context path ''
2023-07-24 05:58:44.403 INFO  o.s.c.n.e.s.EurekaAutoServiceRegistration         :144  [32m        [0;39m Updating port to 8761
2023-07-24 05:58:45.602 INFO  org.springframework.cloud.commons.util.InetUtils  :170  [32m        [0;39m Cannot determine local hostname
2023-07-24 05:58:45.618 INFO  ca.bytetube.EurekaApplication                     :61   [32m        [0;39m Started EurekaApplication in 8.085 seconds (JVM running for 10.247)
2023-07-24 05:58:45.622 INFO  ca.bytetube.EurekaApplication                     :24   [32m        [0;39m Start successfully！！
2023-07-24 05:58:45.623 INFO  ca.bytetube.EurekaApplication                     :25   [32m        [0;39m Eureka addr: 	http://127.0.0.1:8761
2023-07-24 05:58:45.742 INFO  o.a.c.core.ContainerBase.[Tomcat].[localhost].[/] :173  [32m        [0;39m Initializing Spring DispatcherServlet 'dispatcherServlet'
2023-07-24 05:58:45.742 INFO  org.springframework.web.servlet.DispatcherServlet :525  [32m        [0;39m Initializing Servlet 'dispatcherServlet'
2023-07-24 05:58:45.743 INFO  org.springframework.web.servlet.DispatcherServlet :547  [32m        [0;39m Completed initialization in 1 ms
2023-07-24 05:59:44.390 INFO  c.netflix.eureka.registry.AbstractInstanceRegistry:1247 [32m        [0;39m Running the evict task with compensationTime 0ms
2023-07-24 05:59:51.260 INFO  o.s.c.n.e.serviceregistry.EurekaServiceRegistry   :62   [32m        [0;39m Unregistering application EUREKA with eureka with status DOWN
2023-07-24 05:59:51.288 INFO  o.s.c.netflix.eureka.server.EurekaServerBootstrap :83   [32m        [0;39m Shutting down Eureka Server..
2023-07-24 05:59:51.294 INFO  com.netflix.eureka.DefaultEurekaServerContext     :79   [32m        [0;39m Shutting down ...
2023-07-24 05:59:51.302 INFO  com.netflix.eureka.DefaultEurekaServerContext     :84   [32m        [0;39m Shut down
2023-07-24 05:59:51.303 INFO  o.s.c.netflix.eureka.server.EurekaServerBootstrap :93   [32m        [0;39m Eureka Service is now shutdown...
2023-07-24 05:59:51.303 INFO  com.netflix.eureka.DefaultEurekaServerContext     :79   [32m        [0;39m Shutting down ...
2023-07-24 05:59:51.309 INFO  com.netflix.eureka.DefaultEurekaServerContext     :84   [32m        [0;39m Shut down
2023-07-24 05:59:51.324 INFO  com.netflix.discovery.DiscoveryClient             :935  [32m        [0;39m Shutting down DiscoveryClient ...
2023-07-24 05:59:51.329 INFO  com.netflix.discovery.DiscoveryClient             :960  [32m        [0;39m Completed shut down of DiscoveryClient
2023-07-24 21:37:15.479 INFO  ca.bytetube.EurekaApplication                     :55   [32m        [0;39m Starting EurekaApplication using Java 18.0.1.1 on DESKTOP-REITVCN with PID 20048 (C:\Users\shsh5\Desktop\online_course\eureka\target\classes started by shsh5 in C:\Users\shsh5\Desktop\online_course)
2023-07-24 21:37:15.481 INFO  ca.bytetube.EurekaApplication                     :640  [32m        [0;39m No active profile set, falling back to 1 default profile: "default"
2023-07-24 21:37:15.516 INFO  o.s.b.d.env.DevToolsPropertyDefaultsPostProcessor :255  [32m        [0;39m Devtools property defaults active! Set 'spring.devtools.add-properties' to 'false' to disable
2023-07-24 21:37:15.516 INFO  o.s.b.d.env.DevToolsPropertyDefaultsPostProcessor :255  [32m        [0;39m For additional web related logging consider setting the 'logging.level.web' property to 'DEBUG'
2023-07-24 21:37:16.321 INFO  o.springframework.cloud.context.scope.GenericScope:283  [32m        [0;39m BeanFactory id=799bc74a-f863-3d6a-b579-30ca3a702ea8
2023-07-24 21:37:16.706 INFO  o.s.boot.web.embedded.tomcat.TomcatWebServer      :108  [32m        [0;39m Tomcat initialized with port(s): 8761 (http)
2023-07-24 21:37:16.716 INFO  org.apache.coyote.http11.Http11NioProtocol        :173  [32m        [0;39m Initializing ProtocolHandler ["http-nio-8761"]
2023-07-24 21:37:16.716 INFO  org.apache.catalina.core.StandardService          :173  [32m        [0;39m Starting service [Tomcat]
2023-07-24 21:37:16.717 INFO  org.apache.catalina.core.StandardEngine           :173  [32m        [0;39m Starting Servlet engine: [Apache Tomcat/9.0.60]
2023-07-24 21:37:16.796 INFO  o.a.c.core.ContainerBase.[Tomcat].[localhost].[/] :173  [32m        [0;39m Initializing Spring embedded WebApplicationContext
2023-07-24 21:37:16.796 INFO  o.s.b.w.s.c.ServletWebServerApplicationContext    :290  [32m        [0;39m Root WebApplicationContext: initialization completed in 1280 ms
2023-07-24 21:37:17.157 INFO  c.s.j.server.impl.application.WebApplicationImpl  :815  [32m        [0;39m Initiating Jersey application, version 'Jersey: 1.19.4 05/24/2017 03:20 PM'
2023-07-24 21:37:17.205 INFO  c.n.discovery.provider.DiscoveryJerseyProvider    :70   [32m        [0;39m Using JSON encoding codec LegacyJacksonJson
2023-07-24 21:37:17.207 INFO  c.n.discovery.provider.DiscoveryJerseyProvider    :71   [32m        [0;39m Using JSON decoding codec LegacyJacksonJson
2023-07-24 21:37:17.365 INFO  c.n.discovery.provider.DiscoveryJerseyProvider    :80   [32m        [0;39m Using XML encoding codec XStreamXml
2023-07-24 21:37:17.366 INFO  c.n.discovery.provider.DiscoveryJerseyProvider    :81   [32m        [0;39m Using XML decoding codec XStreamXml
2023-07-24 21:37:19.121 INFO  org.springframework.cloud.commons.util.InetUtils  :170  [32m        [0;39m Cannot determine local hostname
2023-07-24 21:37:19.316 INFO  o.s.b.d.autoconfigure.OptionalLiveReloadServer    :58   [32m        [0;39m LiveReload server is running on port 35729
2023-07-24 21:37:20.475 INFO  org.springframework.cloud.commons.util.InetUtils  :170  [32m        [0;39m Cannot determine local hostname
2023-07-24 21:37:20.483 INFO  o.s.c.n.e.c.DiscoveryClientOptionalArgsConfiguration:87   [32m        [0;39m Eureka HTTP Client uses Jersey
2023-07-24 21:37:20.512 WARN  o.s.c.l.c.LoadBalancerCacheAutoConfiguration$LoadBalancerCaffeineWarnLogger:82   [32m        [0;39m Spring Cloud LoadBalancer is currently working with the default cache. You can switch to using Caffeine cache, by adding it and org.springframework.cache.caffeine.CaffeineCacheManager to the classpath.
2023-07-24 21:37:20.522 INFO  o.s.cloud.netflix.eureka.InstanceInfoFactory      :67   [32m        [0;39m Setting initial instance status as: STARTING
2023-07-24 21:37:20.540 INFO  com.netflix.discovery.DiscoveryClient             :372  [32m        [0;39m Initializing Eureka in region us-east-1
2023-07-24 21:37:20.541 INFO  com.netflix.discovery.DiscoveryClient             :375  [32m        [0;39m Client configured to neither register nor query for data.
2023-07-24 21:37:20.546 INFO  com.netflix.discovery.DiscoveryClient             :390  [32m        [0;39m Discovery Client initialized at timestamp 1690205840545 with initial instances count: 0
2023-07-24 21:37:20.566 INFO  com.netflix.eureka.DefaultEurekaServerContext     :66   [32m        [0;39m Initializing ...
2023-07-24 21:37:20.567 WARN  com.netflix.eureka.cluster.PeerEurekaNodes        :155  [32m        [0;39m The replica size seems to be empty. Check the route 53 DNS Registry
2023-07-24 21:37:20.576 INFO  c.netflix.eureka.registry.AbstractInstanceRegistry:153  [32m        [0;39m Finished initializing remote region registries. All known remote regions: []
2023-07-24 21:37:20.577 INFO  com.netflix.eureka.DefaultEurekaServerContext     :73   [32m        [0;39m Initialized
2023-07-24 21:37:20.582 INFO  o.s.b.actuate.endpoint.web.EndpointLinksResolver  :58   [32m        [0;39m Exposing 1 endpoint(s) beneath base path '/actuator'
2023-07-24 21:37:20.617 INFO  o.s.c.n.e.serviceregistry.EurekaServiceRegistry   :41   [32m        [0;39m Registering application EUREKA with eureka with status UP
2023-07-24 21:37:20.618 INFO  o.s.c.netflix.eureka.server.EurekaServerBootstrap :97   [32m        [0;39m Setting the eureka configuration..
2023-07-24 21:37:20.618 INFO  org.apache.coyote.http11.Http11NioProtocol        :173  [32m        [0;39m Starting ProtocolHandler ["http-nio-8761"]
2023-07-24 21:37:20.624 INFO  o.s.c.netflix.eureka.server.EurekaServerBootstrap :148  [32m        [0;39m isAws returned false
2023-07-24 21:37:20.625 INFO  o.s.c.netflix.eureka.server.EurekaServerBootstrap :114  [32m        [0;39m Initialized server context
2023-07-24 21:37:20.625 INFO  c.n.eureka.registry.PeerAwareInstanceRegistryImpl :244  [32m        [0;39m Got 1 instances from neighboring DS node
2023-07-24 21:37:20.625 INFO  c.n.eureka.registry.PeerAwareInstanceRegistryImpl :245  [32m        [0;39m Renew threshold is: 1
2023-07-24 21:37:20.625 INFO  c.n.eureka.registry.PeerAwareInstanceRegistryImpl :256  [32m        [0;39m Changing status to UP
2023-07-24 21:37:20.629 INFO  o.s.c.n.e.s.EurekaServerInitializerConfiguration  :69   [32m        [0;39m Started Eureka Server
2023-07-24 21:37:20.637 INFO  o.s.boot.web.embedded.tomcat.TomcatWebServer      :220  [32m        [0;39m Tomcat started on port(s): 8761 (http) with context path ''
2023-07-24 21:37:20.637 INFO  o.s.c.n.e.s.EurekaAutoServiceRegistration         :144  [32m        [0;39m Updating port to 8761
2023-07-24 21:37:21.802 INFO  org.springframework.cloud.commons.util.InetUtils  :170  [32m        [0;39m Cannot determine local hostname
2023-07-24 21:37:21.815 INFO  ca.bytetube.EurekaApplication                     :61   [32m        [0;39m Started EurekaApplication in 8.017 seconds (JVM running for 9.233)
2023-07-24 21:37:21.820 INFO  ca.bytetube.EurekaApplication                     :24   [32m        [0;39m Start successfully！！
2023-07-24 21:37:21.820 INFO  ca.bytetube.EurekaApplication                     :25   [32m        [0;39m Eureka addr: 	http://127.0.0.1:8761
2023-07-24 21:37:21.988 INFO  o.a.c.core.ContainerBase.[Tomcat].[localhost].[/] :173  [32m        [0;39m Initializing Spring DispatcherServlet 'dispatcherServlet'
2023-07-24 21:37:21.988 INFO  org.springframework.web.servlet.DispatcherServlet :525  [32m        [0;39m Initializing Servlet 'dispatcherServlet'
2023-07-24 21:37:21.989 INFO  org.springframework.web.servlet.DispatcherServlet :547  [32m        [0;39m Completed initialization in 1 ms
2023-07-24 21:37:36.227 INFO  c.netflix.eureka.registry.AbstractInstanceRegistry:266  [32m        [0;39m Registered instance SYSTEM/localhost:system:9001 with status UP (replication=false)
2023-07-24 21:38:00.115 INFO  o.s.c.n.e.serviceregistry.EurekaServiceRegistry   :62   [32m        [0;39m Unregistering application EUREKA with eureka with status DOWN
2023-07-24 21:38:00.134 INFO  o.s.c.netflix.eureka.server.EurekaServerBootstrap :83   [32m        [0;39m Shutting down Eureka Server..
2023-07-24 21:38:00.137 INFO  com.netflix.eureka.DefaultEurekaServerContext     :79   [32m        [0;39m Shutting down ...
2023-07-24 21:38:00.143 INFO  com.netflix.eureka.DefaultEurekaServerContext     :84   [32m        [0;39m Shut down
2023-07-24 21:38:00.144 INFO  o.s.c.netflix.eureka.server.EurekaServerBootstrap :93   [32m        [0;39m Eureka Service is now shutdown...
2023-07-24 21:38:00.144 INFO  com.netflix.eureka.DefaultEurekaServerContext     :79   [32m        [0;39m Shutting down ...
2023-07-24 21:38:00.148 INFO  com.netflix.eureka.DefaultEurekaServerContext     :84   [32m        [0;39m Shut down
2023-07-24 21:38:00.154 INFO  com.netflix.discovery.DiscoveryClient             :935  [32m        [0;39m Shutting down DiscoveryClient ...
2023-07-24 21:38:00.155 INFO  com.netflix.discovery.DiscoveryClient             :960  [32m        [0;39m Completed shut down of DiscoveryClient
2023-07-24 21:41:35.118 INFO  ca.bytetube.EurekaApplication                     :55   [32m        [0;39m Starting EurekaApplication using Java 18.0.1.1 on DESKTOP-REITVCN with PID 10824 (C:\Users\shsh5\Desktop\online_course\eureka\target\classes started by shsh5 in C:\Users\shsh5\Desktop\online_course)
2023-07-24 21:41:35.120 INFO  ca.bytetube.EurekaApplication                     :640  [32m        [0;39m No active profile set, falling back to 1 default profile: "default"
2023-07-24 21:41:35.158 INFO  o.s.b.d.env.DevToolsPropertyDefaultsPostProcessor :255  [32m        [0;39m Devtools property defaults active! Set 'spring.devtools.add-properties' to 'false' to disable
2023-07-24 21:41:35.158 INFO  o.s.b.d.env.DevToolsPropertyDefaultsPostProcessor :255  [32m        [0;39m For additional web related logging consider setting the 'logging.level.web' property to 'DEBUG'
2023-07-24 21:41:36.052 INFO  o.springframework.cloud.context.scope.GenericScope:283  [32m        [0;39m BeanFactory id=799bc74a-f863-3d6a-b579-30ca3a702ea8
2023-07-24 21:41:36.486 INFO  o.s.boot.web.embedded.tomcat.TomcatWebServer      :108  [32m        [0;39m Tomcat initialized with port(s): 8761 (http)
2023-07-24 21:41:36.496 INFO  org.apache.coyote.http11.Http11NioProtocol        :173  [32m        [0;39m Initializing ProtocolHandler ["http-nio-8761"]
2023-07-24 21:41:36.496 INFO  org.apache.catalina.core.StandardService          :173  [32m        [0;39m Starting service [Tomcat]
2023-07-24 21:41:36.496 INFO  org.apache.catalina.core.StandardEngine           :173  [32m        [0;39m Starting Servlet engine: [Apache Tomcat/9.0.60]
2023-07-24 21:41:36.586 INFO  o.a.c.core.ContainerBase.[Tomcat].[localhost].[/] :173  [32m        [0;39m Initializing Spring embedded WebApplicationContext
2023-07-24 21:41:36.586 INFO  o.s.b.w.s.c.ServletWebServerApplicationContext    :290  [32m        [0;39m Root WebApplicationContext: initialization completed in 1427 ms
2023-07-24 21:41:36.982 INFO  c.s.j.server.impl.application.WebApplicationImpl  :815  [32m        [0;39m Initiating Jersey application, version 'Jersey: 1.19.4 05/24/2017 03:20 PM'
2023-07-24 21:41:37.035 INFO  c.n.discovery.provider.DiscoveryJerseyProvider    :70   [32m        [0;39m Using JSON encoding codec LegacyJacksonJson
2023-07-24 21:41:37.036 INFO  c.n.discovery.provider.DiscoveryJerseyProvider    :71   [32m        [0;39m Using JSON decoding codec LegacyJacksonJson
2023-07-24 21:41:37.217 INFO  c.n.discovery.provider.DiscoveryJerseyProvider    :80   [32m        [0;39m Using XML encoding codec XStreamXml
2023-07-24 21:41:37.217 INFO  c.n.discovery.provider.DiscoveryJerseyProvider    :81   [32m        [0;39m Using XML decoding codec XStreamXml
2023-07-24 21:41:39.071 INFO  org.springframework.cloud.commons.util.InetUtils  :170  [32m        [0;39m Cannot determine local hostname
2023-07-24 21:41:39.290 INFO  o.s.b.d.autoconfigure.OptionalLiveReloadServer    :58   [32m        [0;39m LiveReload server is running on port 35729
2023-07-24 21:41:40.485 INFO  org.springframework.cloud.commons.util.InetUtils  :170  [32m        [0;39m Cannot determine local hostname
2023-07-24 21:41:40.490 INFO  o.s.c.n.e.c.DiscoveryClientOptionalArgsConfiguration:87   [32m        [0;39m Eureka HTTP Client uses Jersey
2023-07-24 21:41:40.520 WARN  o.s.c.l.c.LoadBalancerCacheAutoConfiguration$LoadBalancerCaffeineWarnLogger:82   [32m        [0;39m Spring Cloud LoadBalancer is currently working with the default cache. You can switch to using Caffeine cache, by adding it and org.springframework.cache.caffeine.CaffeineCacheManager to the classpath.
2023-07-24 21:41:40.531 INFO  o.s.cloud.netflix.eureka.InstanceInfoFactory      :67   [32m        [0;39m Setting initial instance status as: STARTING
2023-07-24 21:41:40.549 INFO  com.netflix.discovery.DiscoveryClient             :372  [32m        [0;39m Initializing Eureka in region us-east-1
2023-07-24 21:41:40.549 INFO  com.netflix.discovery.DiscoveryClient             :375  [32m        [0;39m Client configured to neither register nor query for data.
2023-07-24 21:41:40.554 INFO  com.netflix.discovery.DiscoveryClient             :390  [32m        [0;39m Discovery Client initialized at timestamp 1690206100554 with initial instances count: 0
2023-07-24 21:41:40.576 INFO  com.netflix.eureka.DefaultEurekaServerContext     :66   [32m        [0;39m Initializing ...
2023-07-24 21:41:40.577 WARN  com.netflix.eureka.cluster.PeerEurekaNodes        :155  [32m        [0;39m The replica size seems to be empty. Check the route 53 DNS Registry
2023-07-24 21:41:40.586 INFO  c.netflix.eureka.registry.AbstractInstanceRegistry:153  [32m        [0;39m Finished initializing remote region registries. All known remote regions: []
2023-07-24 21:41:40.587 INFO  com.netflix.eureka.DefaultEurekaServerContext     :73   [32m        [0;39m Initialized
2023-07-24 21:41:40.592 INFO  o.s.b.actuate.endpoint.web.EndpointLinksResolver  :58   [32m        [0;39m Exposing 1 endpoint(s) beneath base path '/actuator'
2023-07-24 21:41:40.631 INFO  o.s.c.n.e.serviceregistry.EurekaServiceRegistry   :41   [32m        [0;39m Registering application EUREKA with eureka with status UP
2023-07-24 21:41:40.632 INFO  org.apache.coyote.http11.Http11NioProtocol        :173  [32m        [0;39m Starting ProtocolHandler ["http-nio-8761"]
2023-07-24 21:41:40.632 INFO  o.s.c.netflix.eureka.server.EurekaServerBootstrap :97   [32m        [0;39m Setting the eureka configuration..
2023-07-24 21:41:40.638 INFO  o.s.c.netflix.eureka.server.EurekaServerBootstrap :148  [32m        [0;39m isAws returned false
2023-07-24 21:41:40.638 INFO  o.s.c.netflix.eureka.server.EurekaServerBootstrap :114  [32m        [0;39m Initialized server context
2023-07-24 21:41:40.639 INFO  c.n.eureka.registry.PeerAwareInstanceRegistryImpl :244  [32m        [0;39m Got 1 instances from neighboring DS node
2023-07-24 21:41:40.639 INFO  c.n.eureka.registry.PeerAwareInstanceRegistryImpl :245  [32m        [0;39m Renew threshold is: 1
2023-07-24 21:41:40.639 INFO  c.n.eureka.registry.PeerAwareInstanceRegistryImpl :256  [32m        [0;39m Changing status to UP
2023-07-24 21:41:40.644 INFO  o.s.c.n.e.s.EurekaServerInitializerConfiguration  :69   [32m        [0;39m Started Eureka Server
2023-07-24 21:41:40.652 INFO  o.s.boot.web.embedded.tomcat.TomcatWebServer      :220  [32m        [0;39m Tomcat started on port(s): 8761 (http) with context path ''
2023-07-24 21:41:40.652 INFO  o.s.c.n.e.s.EurekaAutoServiceRegistration         :144  [32m        [0;39m Updating port to 8761
2023-07-24 21:41:41.835 INFO  org.springframework.cloud.commons.util.InetUtils  :170  [32m        [0;39m Cannot determine local hostname
2023-07-24 21:41:41.849 INFO  ca.bytetube.EurekaApplication                     :61   [32m        [0;39m Started EurekaApplication in 8.246 seconds (JVM running for 8.974)
2023-07-24 21:41:41.853 INFO  ca.bytetube.EurekaApplication                     :24   [32m        [0;39m Start successfully！！
2023-07-24 21:41:41.854 INFO  ca.bytetube.EurekaApplication                     :25   [32m        [0;39m Eureka addr: 	http://127.0.0.1:8761
2023-07-24 21:41:42.330 INFO  o.a.c.core.ContainerBase.[Tomcat].[localhost].[/] :173  [32m        [0;39m Initializing Spring DispatcherServlet 'dispatcherServlet'
2023-07-24 21:41:42.330 INFO  org.springframework.web.servlet.DispatcherServlet :525  [32m        [0;39m Initializing Servlet 'dispatcherServlet'
2023-07-24 21:41:42.331 INFO  org.springframework.web.servlet.DispatcherServlet :547  [32m        [0;39m Completed initialization in 1 ms
2023-07-24 21:41:59.403 INFO  c.netflix.eureka.registry.AbstractInstanceRegistry:266  [32m        [0;39m Registered instance SYSTEM/localhost:system:9001 with status UP (replication=false)
2023-07-24 21:42:40.639 INFO  c.netflix.eureka.registry.AbstractInstanceRegistry:1247 [32m        [0;39m Running the evict task with compensationTime 0ms
2023-07-24 21:43:40.640 INFO  c.netflix.eureka.registry.AbstractInstanceRegistry:1247 [32m        [0;39m Running the evict task with compensationTime 0ms
2023-07-24 21:44:34.017 INFO  c.netflix.eureka.registry.AbstractInstanceRegistry:266  [32m        [0;39m Registered instance SYSTEM/localhost:system:9001 with status DOWN (replication=false)
2023-07-24 21:44:37.044 INFO  c.netflix.eureka.registry.AbstractInstanceRegistry:328  [32m        [0;39m Cancelled instance SYSTEM/localhost:system:9001 (replication=false)
2023-07-24 21:44:40.652 INFO  c.netflix.eureka.registry.AbstractInstanceRegistry:1247 [32m        [0;39m Running the evict task with compensationTime 11ms
2023-07-24 21:44:48.468 INFO  c.netflix.eureka.registry.AbstractInstanceRegistry:266  [32m        [0;39m Registered instance SYSTEM/localhost:system:9001 with status UP (replication=false)
2023-07-24 21:45:40.666 INFO  c.netflix.eureka.registry.AbstractInstanceRegistry:1247 [32m        [0;39m Running the evict task with compensationTime 14ms
2023-07-24 21:46:40.677 INFO  c.netflix.eureka.registry.AbstractInstanceRegistry:1247 [32m        [0;39m Running the evict task with compensationTime 11ms
2023-07-24 21:47:33.519 INFO  o.s.c.n.e.serviceregistry.EurekaServiceRegistry   :62   [32m        [0;39m Unregistering application EUREKA with eureka with status DOWN
2023-07-24 21:47:33.540 INFO  o.s.c.netflix.eureka.server.EurekaServerBootstrap :83   [32m        [0;39m Shutting down Eureka Server..
2023-07-24 21:47:33.542 INFO  com.netflix.eureka.DefaultEurekaServerContext     :79   [32m        [0;39m Shutting down ...
2023-07-24 21:47:33.548 INFO  com.netflix.eureka.DefaultEurekaServerContext     :84   [32m        [0;39m Shut down
2023-07-24 21:47:33.549 INFO  o.s.c.netflix.eureka.server.EurekaServerBootstrap :93   [32m        [0;39m Eureka Service is now shutdown...
2023-07-24 21:47:33.549 INFO  com.netflix.eureka.DefaultEurekaServerContext     :79   [32m        [0;39m Shutting down ...
2023-07-24 21:47:33.553 INFO  com.netflix.eureka.DefaultEurekaServerContext     :84   [32m        [0;39m Shut down
2023-07-24 21:47:33.561 INFO  com.netflix.discovery.DiscoveryClient             :935  [32m        [0;39m Shutting down DiscoveryClient ...
2023-07-24 21:47:33.562 INFO  com.netflix.discovery.DiscoveryClient             :960  [32m        [0;39m Completed shut down of DiscoveryClient
2023-07-24 21:51:28.370 INFO  ca.bytetube.EurekaApplication                     :55   [32m        [0;39m Starting EurekaApplication using Java 18.0.1.1 on DESKTOP-REITVCN with PID 9488 (C:\Users\shsh5\Desktop\online_course\eureka\target\classes started by shsh5 in C:\Users\shsh5\Desktop\online_course)
2023-07-24 21:51:28.372 INFO  ca.bytetube.EurekaApplication                     :640  [32m        [0;39m No active profile set, falling back to 1 default profile: "default"
2023-07-24 21:51:28.403 INFO  o.s.b.d.env.DevToolsPropertyDefaultsPostProcessor :255  [32m        [0;39m Devtools property defaults active! Set 'spring.devtools.add-properties' to 'false' to disable
2023-07-24 21:51:28.403 INFO  o.s.b.d.env.DevToolsPropertyDefaultsPostProcessor :255  [32m        [0;39m For additional web related logging consider setting the 'logging.level.web' property to 'DEBUG'
2023-07-24 21:51:29.212 INFO  o.springframework.cloud.context.scope.GenericScope:283  [32m        [0;39m BeanFactory id=799bc74a-f863-3d6a-b579-30ca3a702ea8
2023-07-24 21:51:29.587 INFO  o.s.boot.web.embedded.tomcat.TomcatWebServer      :108  [32m        [0;39m Tomcat initialized with port(s): 8761 (http)
2023-07-24 21:51:29.596 INFO  org.apache.coyote.http11.Http11NioProtocol        :173  [32m        [0;39m Initializing ProtocolHandler ["http-nio-8761"]
2023-07-24 21:51:29.596 INFO  org.apache.catalina.core.StandardService          :173  [32m        [0;39m Starting service [Tomcat]
2023-07-24 21:51:29.596 INFO  org.apache.catalina.core.StandardEngine           :173  [32m        [0;39m Starting Servlet engine: [Apache Tomcat/9.0.60]
2023-07-24 21:51:29.675 INFO  o.a.c.core.ContainerBase.[Tomcat].[localhost].[/] :173  [32m        [0;39m Initializing Spring embedded WebApplicationContext
2023-07-24 21:51:29.675 INFO  o.s.b.w.s.c.ServletWebServerApplicationContext    :290  [32m        [0;39m Root WebApplicationContext: initialization completed in 1271 ms
2023-07-24 21:51:30.013 INFO  c.s.j.server.impl.application.WebApplicationImpl  :815  [32m        [0;39m Initiating Jersey application, version 'Jersey: 1.19.4 05/24/2017 03:20 PM'
2023-07-24 21:51:30.059 INFO  c.n.discovery.provider.DiscoveryJerseyProvider    :70   [32m        [0;39m Using JSON encoding codec LegacyJacksonJson
2023-07-24 21:51:30.060 INFO  c.n.discovery.provider.DiscoveryJerseyProvider    :71   [32m        [0;39m Using JSON decoding codec LegacyJacksonJson
2023-07-24 21:51:30.211 INFO  c.n.discovery.provider.DiscoveryJerseyProvider    :80   [32m        [0;39m Using XML encoding codec XStreamXml
2023-07-24 21:51:30.211 INFO  c.n.discovery.provider.DiscoveryJerseyProvider    :81   [32m        [0;39m Using XML decoding codec XStreamXml
2023-07-24 21:51:31.924 INFO  org.springframework.cloud.commons.util.InetUtils  :170  [32m        [0;39m Cannot determine local hostname
2023-07-24 21:51:32.120 INFO  o.s.b.d.autoconfigure.OptionalLiveReloadServer    :58   [32m        [0;39m LiveReload server is running on port 35729
2023-07-24 21:51:33.277 INFO  org.springframework.cloud.commons.util.InetUtils  :170  [32m        [0;39m Cannot determine local hostname
2023-07-24 21:51:33.282 INFO  o.s.c.n.e.c.DiscoveryClientOptionalArgsConfiguration:87   [32m        [0;39m Eureka HTTP Client uses Jersey
2023-07-24 21:51:33.313 WARN  o.s.c.l.c.LoadBalancerCacheAutoConfiguration$LoadBalancerCaffeineWarnLogger:82   [32m        [0;39m Spring Cloud LoadBalancer is currently working with the default cache. You can switch to using Caffeine cache, by adding it and org.springframework.cache.caffeine.CaffeineCacheManager to the classpath.
2023-07-24 21:51:33.323 INFO  o.s.cloud.netflix.eureka.InstanceInfoFactory      :67   [32m        [0;39m Setting initial instance status as: STARTING
2023-07-24 21:51:33.340 INFO  com.netflix.discovery.DiscoveryClient             :372  [32m        [0;39m Initializing Eureka in region us-east-1
2023-07-24 21:51:33.341 INFO  com.netflix.discovery.DiscoveryClient             :375  [32m        [0;39m Client configured to neither register nor query for data.
2023-07-24 21:51:33.346 INFO  com.netflix.discovery.DiscoveryClient             :390  [32m        [0;39m Discovery Client initialized at timestamp 1690206693346 with initial instances count: 0
2023-07-24 21:51:33.369 INFO  com.netflix.eureka.DefaultEurekaServerContext     :66   [32m        [0;39m Initializing ...
2023-07-24 21:51:33.370 WARN  com.netflix.eureka.cluster.PeerEurekaNodes        :155  [32m        [0;39m The replica size seems to be empty. Check the route 53 DNS Registry
2023-07-24 21:51:33.379 INFO  c.netflix.eureka.registry.AbstractInstanceRegistry:153  [32m        [0;39m Finished initializing remote region registries. All known remote regions: []
2023-07-24 21:51:33.380 INFO  com.netflix.eureka.DefaultEurekaServerContext     :73   [32m        [0;39m Initialized
2023-07-24 21:51:33.384 INFO  o.s.b.actuate.endpoint.web.EndpointLinksResolver  :58   [32m        [0;39m Exposing 1 endpoint(s) beneath base path '/actuator'
2023-07-24 21:51:33.420 INFO  o.s.c.n.e.serviceregistry.EurekaServiceRegistry   :41   [32m        [0;39m Registering application EUREKA with eureka with status UP
2023-07-24 21:51:33.422 INFO  org.apache.coyote.http11.Http11NioProtocol        :173  [32m        [0;39m Starting ProtocolHandler ["http-nio-8761"]
2023-07-24 21:51:33.422 INFO  o.s.c.netflix.eureka.server.EurekaServerBootstrap :97   [32m        [0;39m Setting the eureka configuration..
2023-07-24 21:51:33.428 INFO  o.s.c.netflix.eureka.server.EurekaServerBootstrap :148  [32m        [0;39m isAws returned false
2023-07-24 21:51:33.432 INFO  o.s.c.netflix.eureka.server.EurekaServerBootstrap :114  [32m        [0;39m Initialized server context
2023-07-24 21:51:33.432 INFO  c.n.eureka.registry.PeerAwareInstanceRegistryImpl :244  [32m        [0;39m Got 1 instances from neighboring DS node
2023-07-24 21:51:33.432 INFO  c.n.eureka.registry.PeerAwareInstanceRegistryImpl :245  [32m        [0;39m Renew threshold is: 1
2023-07-24 21:51:33.433 INFO  c.n.eureka.registry.PeerAwareInstanceRegistryImpl :256  [32m        [0;39m Changing status to UP
2023-07-24 21:51:33.438 INFO  o.s.c.n.e.s.EurekaServerInitializerConfiguration  :69   [32m        [0;39m Started Eureka Server
2023-07-24 21:51:33.446 INFO  o.s.boot.web.embedded.tomcat.TomcatWebServer      :220  [32m        [0;39m Tomcat started on port(s): 8761 (http) with context path ''
2023-07-24 21:51:33.447 INFO  o.s.c.n.e.s.EurekaAutoServiceRegistration         :144  [32m        [0;39m Updating port to 8761
2023-07-24 21:51:34.612 INFO  org.springframework.cloud.commons.util.InetUtils  :170  [32m        [0;39m Cannot determine local hostname
2023-07-24 21:51:34.626 INFO  ca.bytetube.EurekaApplication                     :61   [32m        [0;39m Started EurekaApplication in 7.939 seconds (JVM running for 9.16)
2023-07-24 21:51:34.631 INFO  ca.bytetube.EurekaApplication                     :24   [32m        [0;39m Start successfully！！
2023-07-24 21:51:34.632 INFO  ca.bytetube.EurekaApplication                     :25   [32m        [0;39m Eureka addr: 	http://127.0.0.1:8761
2023-07-24 21:51:35.098 INFO  o.a.c.core.ContainerBase.[Tomcat].[localhost].[/] :173  [32m        [0;39m Initializing Spring DispatcherServlet 'dispatcherServlet'
2023-07-24 21:51:35.098 INFO  org.springframework.web.servlet.DispatcherServlet :525  [32m        [0;39m Initializing Servlet 'dispatcherServlet'
2023-07-24 21:51:35.099 INFO  org.springframework.web.servlet.DispatcherServlet :547  [32m        [0;39m Completed initialization in 1 ms
2023-07-24 21:51:47.327 INFO  c.netflix.eureka.registry.AbstractInstanceRegistry:266  [32m        [0;39m Registered instance SYSTEM/localhost:system:9001 with status UP (replication=false)
2023-07-24 21:51:55.271 INFO  o.s.c.n.e.serviceregistry.EurekaServiceRegistry   :62   [32m        [0;39m Unregistering application EUREKA with eureka with status DOWN
2023-07-24 21:51:55.292 INFO  o.s.c.netflix.eureka.server.EurekaServerBootstrap :83   [32m        [0;39m Shutting down Eureka Server..
2023-07-24 21:51:55.295 INFO  com.netflix.eureka.DefaultEurekaServerContext     :79   [32m        [0;39m Shutting down ...
2023-07-24 21:51:55.302 INFO  com.netflix.eureka.DefaultEurekaServerContext     :84   [32m        [0;39m Shut down
2023-07-24 21:51:55.302 INFO  o.s.c.netflix.eureka.server.EurekaServerBootstrap :93   [32m        [0;39m Eureka Service is now shutdown...
2023-07-24 21:51:55.302 INFO  com.netflix.eureka.DefaultEurekaServerContext     :79   [32m        [0;39m Shutting down ...
2023-07-24 21:51:55.305 INFO  com.netflix.eureka.DefaultEurekaServerContext     :84   [32m        [0;39m Shut down
2023-07-24 21:51:55.312 INFO  com.netflix.discovery.DiscoveryClient             :935  [32m        [0;39m Shutting down DiscoveryClient ...
2023-07-24 21:51:55.312 INFO  com.netflix.discovery.DiscoveryClient             :960  [32m        [0;39m Completed shut down of DiscoveryClient
2023-07-24 23:37:05.196 INFO  ca.bytetube.EurekaApplication                     :55   [32m        [0;39m Starting EurekaApplication using Java 18.0.1.1 on DESKTOP-REITVCN with PID 27740 (C:\Users\shsh5\Desktop\online_course\eureka\target\classes started by shsh5 in C:\Users\shsh5\Desktop\online_course)
2023-07-24 23:37:05.198 INFO  ca.bytetube.EurekaApplication                     :640  [32m        [0;39m No active profile set, falling back to 1 default profile: "default"
2023-07-24 23:37:05.814 INFO  o.springframework.cloud.context.scope.GenericScope:283  [32m        [0;39m BeanFactory id=400da337-357f-3b88-89c4-465758d8532c
2023-07-24 23:37:06.006 INFO  o.s.boot.web.embedded.tomcat.TomcatWebServer      :108  [32m        [0;39m Tomcat initialized with port(s): 8761 (http)
2023-07-24 23:37:06.013 INFO  org.apache.coyote.http11.Http11NioProtocol        :173  [32m        [0;39m Initializing ProtocolHandler ["http-nio-8761"]
2023-07-24 23:37:06.013 INFO  org.apache.catalina.core.StandardService          :173  [32m        [0;39m Starting service [Tomcat]
2023-07-24 23:37:06.013 INFO  org.apache.catalina.core.StandardEngine           :173  [32m        [0;39m Starting Servlet engine: [Apache Tomcat/9.0.60]
2023-07-24 23:37:06.104 INFO  o.a.c.core.ContainerBase.[Tomcat].[localhost].[/] :173  [32m        [0;39m Initializing Spring embedded WebApplicationContext
2023-07-24 23:37:06.105 INFO  o.s.b.w.s.c.ServletWebServerApplicationContext    :290  [32m        [0;39m Root WebApplicationContext: initialization completed in 880 ms
2023-07-24 23:37:06.392 INFO  c.s.j.server.impl.application.WebApplicationImpl  :815  [32m        [0;39m Initiating Jersey application, version 'Jersey: 1.19.4 05/24/2017 03:20 PM'
2023-07-24 23:37:06.434 INFO  c.n.discovery.provider.DiscoveryJerseyProvider    :70   [32m        [0;39m Using JSON encoding codec LegacyJacksonJson
2023-07-24 23:37:06.435 INFO  c.n.discovery.provider.DiscoveryJerseyProvider    :71   [32m        [0;39m Using JSON decoding codec LegacyJacksonJson
2023-07-24 23:37:06.555 INFO  c.n.discovery.provider.DiscoveryJerseyProvider    :80   [32m        [0;39m Using XML encoding codec XStreamXml
2023-07-24 23:37:06.556 INFO  c.n.discovery.provider.DiscoveryJerseyProvider    :81   [32m        [0;39m Using XML decoding codec XStreamXml
2023-07-24 23:37:08.165 INFO  org.springframework.cloud.commons.util.InetUtils  :170  [32m        [0;39m Cannot determine local hostname
2023-07-24 23:37:09.523 INFO  org.springframework.cloud.commons.util.InetUtils  :170  [32m        [0;39m Cannot determine local hostname
2023-07-24 23:37:09.528 INFO  o.s.c.n.e.c.DiscoveryClientOptionalArgsConfiguration:87   [32m        [0;39m Eureka HTTP Client uses Jersey
2023-07-24 23:37:09.560 WARN  o.s.c.l.c.LoadBalancerCacheAutoConfiguration$LoadBalancerCaffeineWarnLogger:82   [32m        [0;39m Spring Cloud LoadBalancer is currently working with the default cache. You can switch to using Caffeine cache, by adding it and org.springframework.cache.caffeine.CaffeineCacheManager to the classpath.
2023-07-24 23:37:09.572 INFO  o.s.cloud.netflix.eureka.InstanceInfoFactory      :67   [32m        [0;39m Setting initial instance status as: STARTING
2023-07-24 23:37:09.591 INFO  com.netflix.discovery.DiscoveryClient             :372  [32m        [0;39m Initializing Eureka in region us-east-1
2023-07-24 23:37:09.591 INFO  com.netflix.discovery.DiscoveryClient             :375  [32m        [0;39m Client configured to neither register nor query for data.
2023-07-24 23:37:09.597 INFO  com.netflix.discovery.DiscoveryClient             :390  [32m        [0;39m Discovery Client initialized at timestamp 1690213029596 with initial instances count: 0
2023-07-24 23:37:09.620 INFO  com.netflix.eureka.DefaultEurekaServerContext     :66   [32m        [0;39m Initializing ...
2023-07-24 23:37:09.621 WARN  com.netflix.eureka.cluster.PeerEurekaNodes        :155  [32m        [0;39m The replica size seems to be empty. Check the route 53 DNS Registry
2023-07-24 23:37:09.631 INFO  c.netflix.eureka.registry.AbstractInstanceRegistry:153  [32m        [0;39m Finished initializing remote region registries. All known remote regions: []
2023-07-24 23:37:09.632 INFO  com.netflix.eureka.DefaultEurekaServerContext     :73   [32m        [0;39m Initialized
2023-07-24 23:37:09.637 INFO  o.s.b.actuate.endpoint.web.EndpointLinksResolver  :58   [32m        [0;39m Exposing 1 endpoint(s) beneath base path '/actuator'
2023-07-24 23:37:09.672 INFO  o.s.c.n.e.serviceregistry.EurekaServiceRegistry   :41   [32m        [0;39m Registering application EUREKA with eureka with status UP
2023-07-24 23:37:09.673 INFO  org.apache.coyote.http11.Http11NioProtocol        :173  [32m        [0;39m Starting ProtocolHandler ["http-nio-8761"]
2023-07-24 23:37:09.675 INFO  o.s.c.netflix.eureka.server.EurekaServerBootstrap :97   [32m        [0;39m Setting the eureka configuration..
2023-07-24 23:37:09.683 INFO  o.s.c.netflix.eureka.server.EurekaServerBootstrap :148  [32m        [0;39m isAws returned false
2023-07-24 23:37:09.684 INFO  o.s.c.netflix.eureka.server.EurekaServerBootstrap :114  [32m        [0;39m Initialized server context
2023-07-24 23:37:09.684 INFO  c.n.eureka.registry.PeerAwareInstanceRegistryImpl :244  [32m        [0;39m Got 1 instances from neighboring DS node
2023-07-24 23:37:09.684 INFO  c.n.eureka.registry.PeerAwareInstanceRegistryImpl :245  [32m        [0;39m Renew threshold is: 1
2023-07-24 23:37:09.684 INFO  c.n.eureka.registry.PeerAwareInstanceRegistryImpl :256  [32m        [0;39m Changing status to UP
2023-07-24 23:37:09.689 INFO  o.s.c.n.e.s.EurekaServerInitializerConfiguration  :69   [32m        [0;39m Started Eureka Server
2023-07-24 23:37:09.695 INFO  o.s.boot.web.embedded.tomcat.TomcatWebServer      :220  [32m        [0;39m Tomcat started on port(s): 8761 (http) with context path ''
2023-07-24 23:37:09.696 INFO  o.s.c.n.e.s.EurekaAutoServiceRegistration         :144  [32m        [0;39m Updating port to 8761
2023-07-24 23:37:10.862 INFO  org.springframework.cloud.commons.util.InetUtils  :170  [32m        [0;39m Cannot determine local hostname
2023-07-24 23:37:10.875 INFO  ca.bytetube.EurekaApplication                     :61   [32m        [0;39m Started EurekaApplication in 7.131 seconds (JVM running for 7.679)
2023-07-24 23:37:10.880 INFO  ca.bytetube.EurekaApplication                     :24   [32m        [0;39m Start successfully！！
2023-07-24 23:37:10.880 INFO  ca.bytetube.EurekaApplication                     :25   [32m        [0;39m Eureka addr: 	http://127.0.0.1:8761
2023-07-24 23:37:11.051 INFO  o.a.c.core.ContainerBase.[Tomcat].[localhost].[/] :173  [32m        [0;39m Initializing Spring DispatcherServlet 'dispatcherServlet'
2023-07-24 23:37:11.051 INFO  org.springframework.web.servlet.DispatcherServlet :525  [32m        [0;39m Initializing Servlet 'dispatcherServlet'
2023-07-24 23:37:11.052 INFO  org.springframework.web.servlet.DispatcherServlet :547  [32m        [0;39m Completed initialization in 1 ms
2023-07-24 23:37:24.038 INFO  c.netflix.eureka.registry.AbstractInstanceRegistry:266  [32m        [0;39m Registered instance SYSTEM/localhost:system:9001 with status UP (replication=false)
2023-07-24 23:38:09.686 INFO  c.netflix.eureka.registry.AbstractInstanceRegistry:1247 [32m        [0;39m Running the evict task with compensationTime 0ms
2023-07-24 23:39:09.686 INFO  c.netflix.eureka.registry.AbstractInstanceRegistry:1247 [32m        [0;39m Running the evict task with compensationTime 0ms
2023-07-24 23:39:35.625 INFO  c.netflix.eureka.registry.AbstractInstanceRegistry:266  [32m        [0;39m Registered instance SYSTEM/localhost:system:9001 with status DOWN (replication=false)
2023-07-24 23:39:38.661 INFO  c.netflix.eureka.registry.AbstractInstanceRegistry:328  [32m        [0;39m Cancelled instance SYSTEM/localhost:system:9001 (replication=false)
2023-07-24 23:39:48.334 INFO  c.netflix.eureka.registry.AbstractInstanceRegistry:266  [32m        [0;39m Registered instance SYSTEM/localhost:system:9001 with status UP (replication=false)
2023-07-24 23:40:09.699 INFO  c.netflix.eureka.registry.AbstractInstanceRegistry:1247 [32m        [0;39m Running the evict task with compensationTime 12ms
2023-07-24 23:41:09.699 INFO  c.netflix.eureka.registry.AbstractInstanceRegistry:1247 [32m        [0;39m Running the evict task with compensationTime 0ms
2023-07-24 23:41:31.859 INFO  o.s.c.n.e.serviceregistry.EurekaServiceRegistry   :62   [32m        [0;39m Unregistering application EUREKA with eureka with status DOWN
2023-07-24 23:41:31.884 INFO  o.s.c.netflix.eureka.server.EurekaServerBootstrap :83   [32m        [0;39m Shutting down Eureka Server..
2023-07-24 23:41:31.888 INFO  com.netflix.eureka.DefaultEurekaServerContext     :79   [32m        [0;39m Shutting down ...
2023-07-24 23:41:31.896 INFO  com.netflix.eureka.DefaultEurekaServerContext     :84   [32m        [0;39m Shut down
2023-07-24 23:41:31.896 INFO  o.s.c.netflix.eureka.server.EurekaServerBootstrap :93   [32m        [0;39m Eureka Service is now shutdown...
2023-07-24 23:41:31.896 INFO  com.netflix.eureka.DefaultEurekaServerContext     :79   [32m        [0;39m Shutting down ...
2023-07-24 23:41:31.905 INFO  com.netflix.eureka.DefaultEurekaServerContext     :84   [32m        [0;39m Shut down
2023-07-24 23:41:31.915 INFO  com.netflix.discovery.DiscoveryClient             :935  [32m        [0;39m Shutting down DiscoveryClient ...
2023-07-24 23:41:31.916 INFO  com.netflix.discovery.DiscoveryClient             :960  [32m        [0;39m Completed shut down of DiscoveryClient
2023-07-24 23:41:45.251 INFO  ca.bytetube.EurekaApplication                     :55   [32m        [0;39m Starting EurekaApplication using Java 18.0.1.1 on DESKTOP-REITVCN with PID 28888 (C:\Users\shsh5\Desktop\online_course\eureka\target\classes started by shsh5 in C:\Users\shsh5\Desktop\online_course)
2023-07-24 23:41:45.254 INFO  ca.bytetube.EurekaApplication                     :640  [32m        [0;39m No active profile set, falling back to 1 default profile: "default"
2023-07-24 23:41:46.200 INFO  o.springframework.cloud.context.scope.GenericScope:283  [32m        [0;39m BeanFactory id=400da337-357f-3b88-89c4-465758d8532c
2023-07-24 23:41:46.491 INFO  o.s.boot.web.embedded.tomcat.TomcatWebServer      :108  [32m        [0;39m Tomcat initialized with port(s): 8761 (http)
2023-07-24 23:41:46.501 INFO  org.apache.coyote.http11.Http11NioProtocol        :173  [32m        [0;39m Initializing ProtocolHandler ["http-nio-8761"]
2023-07-24 23:41:46.502 INFO  org.apache.catalina.core.StandardService          :173  [32m        [0;39m Starting service [Tomcat]
2023-07-24 23:41:46.502 INFO  org.apache.catalina.core.StandardEngine           :173  [32m        [0;39m Starting Servlet engine: [Apache Tomcat/9.0.60]
2023-07-24 23:41:46.647 INFO  o.a.c.core.ContainerBase.[Tomcat].[localhost].[/] :173  [32m        [0;39m Initializing Spring embedded WebApplicationContext
2023-07-24 23:41:46.648 INFO  o.s.b.w.s.c.ServletWebServerApplicationContext    :290  [32m        [0;39m Root WebApplicationContext: initialization completed in 1358 ms
2023-07-24 23:41:47.081 INFO  c.s.j.server.impl.application.WebApplicationImpl  :815  [32m        [0;39m Initiating Jersey application, version 'Jersey: 1.19.4 05/24/2017 03:20 PM'
2023-07-24 23:41:47.141 INFO  c.n.discovery.provider.DiscoveryJerseyProvider    :70   [32m        [0;39m Using JSON encoding codec LegacyJacksonJson
2023-07-24 23:41:47.144 INFO  c.n.discovery.provider.DiscoveryJerseyProvider    :71   [32m        [0;39m Using JSON decoding codec LegacyJacksonJson
2023-07-24 23:41:47.338 INFO  c.n.discovery.provider.DiscoveryJerseyProvider    :80   [32m        [0;39m Using XML encoding codec XStreamXml
2023-07-24 23:41:47.338 INFO  c.n.discovery.provider.DiscoveryJerseyProvider    :81   [32m        [0;39m Using XML decoding codec XStreamXml
2023-07-24 23:41:49.282 INFO  org.springframework.cloud.commons.util.InetUtils  :170  [32m        [0;39m Cannot determine local hostname
2023-07-24 23:41:50.695 INFO  org.springframework.cloud.commons.util.InetUtils  :170  [32m        [0;39m Cannot determine local hostname
2023-07-24 23:41:50.700 INFO  o.s.c.n.e.c.DiscoveryClientOptionalArgsConfiguration:87   [32m        [0;39m Eureka HTTP Client uses Jersey
2023-07-24 23:41:50.731 WARN  o.s.c.l.c.LoadBalancerCacheAutoConfiguration$LoadBalancerCaffeineWarnLogger:82   [32m        [0;39m Spring Cloud LoadBalancer is currently working with the default cache. You can switch to using Caffeine cache, by adding it and org.springframework.cache.caffeine.CaffeineCacheManager to the classpath.
2023-07-24 23:41:50.743 INFO  o.s.cloud.netflix.eureka.InstanceInfoFactory      :67   [32m        [0;39m Setting initial instance status as: STARTING
2023-07-24 23:41:50.763 INFO  com.netflix.discovery.DiscoveryClient             :372  [32m        [0;39m Initializing Eureka in region us-east-1
2023-07-24 23:41:50.763 INFO  com.netflix.discovery.DiscoveryClient             :375  [32m        [0;39m Client configured to neither register nor query for data.
2023-07-24 23:41:50.769 INFO  com.netflix.discovery.DiscoveryClient             :390  [32m        [0;39m Discovery Client initialized at timestamp 1690213310768 with initial instances count: 0
2023-07-24 23:41:50.793 INFO  com.netflix.eureka.DefaultEurekaServerContext     :66   [32m        [0;39m Initializing ...
2023-07-24 23:41:50.794 WARN  com.netflix.eureka.cluster.PeerEurekaNodes        :155  [32m        [0;39m The replica size seems to be empty. Check the route 53 DNS Registry
2023-07-24 23:41:50.804 INFO  c.netflix.eureka.registry.AbstractInstanceRegistry:153  [32m        [0;39m Finished initializing remote region registries. All known remote regions: []
2023-07-24 23:41:50.805 INFO  com.netflix.eureka.DefaultEurekaServerContext     :73   [32m        [0;39m Initialized
2023-07-24 23:41:50.810 INFO  o.s.b.actuate.endpoint.web.EndpointLinksResolver  :58   [32m        [0;39m Exposing 1 endpoint(s) beneath base path '/actuator'
2023-07-24 23:41:50.849 INFO  o.s.c.n.e.serviceregistry.EurekaServiceRegistry   :41   [32m        [0;39m Registering application EUREKA with eureka with status UP
2023-07-24 23:41:50.850 INFO  org.apache.coyote.http11.Http11NioProtocol        :173  [32m        [0;39m Starting ProtocolHandler ["http-nio-8761"]
2023-07-24 23:41:50.850 INFO  o.s.c.netflix.eureka.server.EurekaServerBootstrap :97   [32m        [0;39m Setting the eureka configuration..
2023-07-24 23:41:50.857 INFO  o.s.c.netflix.eureka.server.EurekaServerBootstrap :148  [32m        [0;39m isAws returned false
2023-07-24 23:41:50.857 INFO  o.s.c.netflix.eureka.server.EurekaServerBootstrap :114  [32m        [0;39m Initialized server context
2023-07-24 23:41:50.858 INFO  c.n.eureka.registry.PeerAwareInstanceRegistryImpl :244  [32m        [0;39m Got 1 instances from neighboring DS node
2023-07-24 23:41:50.858 INFO  c.n.eureka.registry.PeerAwareInstanceRegistryImpl :245  [32m        [0;39m Renew threshold is: 1
2023-07-24 23:41:50.858 INFO  c.n.eureka.registry.PeerAwareInstanceRegistryImpl :256  [32m        [0;39m Changing status to UP
2023-07-24 23:41:50.863 INFO  o.s.c.n.e.s.EurekaServerInitializerConfiguration  :69   [32m        [0;39m Started Eureka Server
2023-07-24 23:41:50.871 INFO  o.s.boot.web.embedded.tomcat.TomcatWebServer      :220  [32m        [0;39m Tomcat started on port(s): 8761 (http) with context path ''
2023-07-24 23:41:50.871 INFO  o.s.c.n.e.s.EurekaAutoServiceRegistration         :144  [32m        [0;39m Updating port to 8761
2023-07-24 23:41:52.076 INFO  org.springframework.cloud.commons.util.InetUtils  :170  [32m        [0;39m Cannot determine local hostname
2023-07-24 23:41:52.093 INFO  ca.bytetube.EurekaApplication                     :61   [32m        [0;39m Started EurekaApplication in 8.861 seconds (JVM running for 10.166)
2023-07-24 23:41:52.098 INFO  ca.bytetube.EurekaApplication                     :24   [32m        [0;39m Start successfully！！
2023-07-24 23:41:52.098 INFO  ca.bytetube.EurekaApplication                     :25   [32m        [0;39m Eureka addr: 	http://127.0.0.1:8761
2023-07-24 23:41:52.246 INFO  o.a.c.core.ContainerBase.[Tomcat].[localhost].[/] :173  [32m        [0;39m Initializing Spring DispatcherServlet 'dispatcherServlet'
2023-07-24 23:41:52.247 INFO  org.springframework.web.servlet.DispatcherServlet :525  [32m        [0;39m Initializing Servlet 'dispatcherServlet'
2023-07-24 23:41:52.248 INFO  org.springframework.web.servlet.DispatcherServlet :547  [32m        [0;39m Completed initialization in 1 ms
2023-07-24 23:42:07.352 INFO  c.netflix.eureka.registry.AbstractInstanceRegistry:266  [32m        [0;39m Registered instance GATEWAY/localhost:gateway:9000 with status UP (replication=false)
2023-07-24 23:42:18.765 INFO  c.netflix.eureka.registry.AbstractInstanceRegistry:266  [32m        [0;39m Registered instance SYSTEM/localhost:system:9001 with status UP (replication=false)
2023-07-24 23:42:50.858 INFO  c.netflix.eureka.registry.AbstractInstanceRegistry:1247 [32m        [0;39m Running the evict task with compensationTime 0ms
2023-07-24 23:42:55.775 INFO  o.s.c.n.e.serviceregistry.EurekaServiceRegistry   :62   [32m        [0;39m Unregistering application EUREKA with eureka with status DOWN
2023-07-24 23:42:55.798 INFO  o.s.c.netflix.eureka.server.EurekaServerBootstrap :83   [32m        [0;39m Shutting down Eureka Server..
2023-07-24 23:42:55.802 INFO  com.netflix.eureka.DefaultEurekaServerContext     :79   [32m        [0;39m Shutting down ...
2023-07-24 23:42:55.808 INFO  com.netflix.eureka.DefaultEurekaServerContext     :84   [32m        [0;39m Shut down
2023-07-24 23:42:55.808 INFO  o.s.c.netflix.eureka.server.EurekaServerBootstrap :93   [32m        [0;39m Eureka Service is now shutdown...
2023-07-24 23:42:55.809 INFO  com.netflix.eureka.DefaultEurekaServerContext     :79   [32m        [0;39m Shutting down ...
2023-07-24 23:42:55.812 INFO  com.netflix.eureka.DefaultEurekaServerContext     :84   [32m        [0;39m Shut down
2023-07-24 23:42:55.819 INFO  com.netflix.discovery.DiscoveryClient             :935  [32m        [0;39m Shutting down DiscoveryClient ...
2023-07-24 23:42:55.820 INFO  com.netflix.discovery.DiscoveryClient             :960  [32m        [0;39m Completed shut down of DiscoveryClient
